0 verbose cli /opt/homebrew/Cellar/node/25.6.1_1/bin/node /opt/homebrew/lib/node_modules/npm/bin/npm-cli.js
1 info using npm@11.9.0
2 info using node@v25.6.1
3 silly config load:file:/opt/homebrew/lib/node_modules/npm/npmrc
4 silly config load:file:/Users/charlieanderson/Code/CCUI/.npmrc
5 silly config load:file:/Users/charlieanderson/.npmrc
6 silly config load:file:/opt/homebrew/etc/npmrc
7 verbose title npm exec create-next-app@latest . --typescript --tailwind --eslint --app --src-dir --import-alias @/* --use-npm --turbopack --yes
8 verbose argv "exec" "--" "create-next-app@latest" "." "--typescript" "--tailwind" "--eslint" "--app" "--src-dir" "--import-alias" "@/*" "--use-npm" "--turbopack" "--yes"
9 verbose logfile logs-max:10 dir:/Users/charlieanderson/Code/CCUI/local-n8n/.npm-cache/_logs/2026-04-11T23_48_24_246Z-
10 verbose logfile /Users/charlieanderson/Code/CCUI/local-n8n/.npm-cache/_logs/2026-04-11T23_48_24_246Z-debug-0.log
11 silly logfile done cleaning log files
12 silly packumentCache heap:4496293888 maxSize:1124073472 maxEntrySize:562036736
13 http fetch GET 200 https://registry.npmjs.org/create-next-app 221ms (cache miss)
14 silly packumentCache heap:4496293888 maxSize:1124073472 maxEntrySize:562036736
15 silly packumentCache heap:4496293888 maxSize:1124073472 maxEntrySize:562036736
16 warn exec The following package was not found and will be installed: create-next-app@16.2.3
17 silly idealTree buildDeps
18 silly fetch manifest create-next-app@16.2.3
19 silly packumentCache full:https://registry.npmjs.org/create-next-app cache-miss
20 http fetch GET 200 https://registry.npmjs.org/create-next-app 234ms (cache miss)
21 silly packumentCache full:https://registry.npmjs.org/create-next-app set size:undefined disposed:false
22 silly placeDep ROOT create-next-app@16.2.3 OK for:  want: 16.2.3
23 silly reify moves {}
24 silly audit bulk request { 'create-next-app': [ '16.2.3' ] }
25 http cache create-next-app@https://registry.npmjs.org/create-next-app/-/create-next-app-16.2.3.tgz 0ms (cache hit)
26 silly tarball no local data for create-next-app@https://registry.npmjs.org/create-next-app/-/create-next-app-16.2.3.tgz. Extracting by manifest.
27 http fetch POST 200 https://registry.npmjs.org/-/npm/v1/security/advisories/bulk 97ms
28 silly audit report {}
29 http fetch GET 200 https://registry.npmjs.org/create-next-app/-/create-next-app-16.2.3.tgz 165ms (cache miss)
30 verbose cwd /Users/charlieanderson/Code/CCUI
31 verbose os Darwin 25.2.0
32 verbose node v25.6.1
33 verbose npm  v11.9.0
34 verbose exit 1
35 verbose code 1
